<?xml version="1.0" encoding="UTF-8"?>
<!-- Generated by org.testng.reporters.JUnitReportReporter -->
<testsuite hostname="user" failures="0" tests="1" name="com.nutshellApps.testCase.TC_Login_001" time="15.289" errors="0" timestamp="2020-08-08T19:08:31 BST" skipped="0">
  <testcase classname="com.nutshellApps.testCase.TC_Login_001" name="Login" time="15.289"/>
  <system-out/>
</testsuite> <!-- com.nutshellApps.testCase.TC_Login_001 -->
